ISim log file
Running: /home/ise/XilinxShareVm/LASTTTTTTTTTTTTTTT/Tomasulo_with_ROB/Tomasulo_TopLevel/test_isim_beh.exe -intstyle ise -gui -tclbatch isim.cmd -wdb /home/ise/XilinxShareVm/LASTTTTTTTTTTTTTTT/Tomasulo_with_ROB/Tomasulo_TopLevel/test_isim_beh.wdb 
ISim P.20160913 (signature 0xfbc00daa)
----------------------------------------------------------------------
WARNING:Security:42 - Your software subscription period has lapsed. Your current version of Xilinx tools will continue to function, but you no longer qualify for Xilinx software updates or new releases.


----------------------------------------------------------------------
This is a Full version of ISim.
Time resolution is 1 ps
# onerror resume
# wave add /
# run 1000 ns
Simulator is doing circuit initialization process.
at 0 ps, Instance /test/uut/Inst_Reorder_Buffer/ : Warning: There is an 'U'|'X'|'W'|'Z'|'-' in an arithmetic operand, the result will be 'X'(es).
at 0 ps, Instance /test/uut/Inst_Reorder_Buffer/ : Warning: CONV_INTEGER: There is an 'U'|'X'|'W'|'Z'|'-' in an arithmetic operand, and it has been converted to 0.
at 0 ps, Instance /test/uut/Inst_Reorder_Buffer/ : Warning: CONV_INTEGER: There is an 'U'|'X'|'W'|'Z'|'-' in an arithmetic operand, and it has been converted to 0.
at 0 ps, Instance /test/uut/Inst_Reorder_Buffer/ : Warning: CONV_INTEGER: There is an 'U'|'X'|'W'|'Z'|'-' in an arithmetic operand, and it has been converted to 0.
at 0 ps, Instance /test/uut/Inst_Reorder_Buffer/ : Warning: CONV_INTEGER: There is an 'U'|'X'|'W'|'Z'|'-' in an arithmetic operand, and it has been converted to 0.
at 0 ps, Instance /test/uut/Inst_RF/Inst_RFQ/Inst_Mux_Reg1/ : Warning: NUMERIC_STD.TO_INTEGER: metavalue detected, returning 0
at 0 ps, Instance /test/uut/Inst_RF/Inst_RFQ/Inst_Mux_Reg2/ : Warning: NUMERIC_STD.TO_INTEGER: metavalue detected, returning 0
at 0 ps, Instance /test/uut/Inst_RF/Inst_RFV/Inst_Mux_Reg1/ : Warning: NUMERIC_STD.TO_INTEGER: metavalue detected, returning 0
at 0 ps, Instance /test/uut/Inst_RF/Inst_RFV/Inst_Mux_Reg2/ : Warning: NUMERIC_STD.TO_INTEGER: metavalue detected, returning 0
Finished circuit initialization process.
# restart
# run 1.00us
Simulator is doing circuit initialization process.
at 0 ps, Instance /test/uut/Inst_Reorder_Buffer/ : Warning: CONV_INTEGER: There is an 'U'|'X'|'W'|'Z'|'-' in an arithmetic operand, and it has been converted to 0.
at 0 ps, Instance /test/uut/Inst_Reorder_Buffer/ : Warning: CONV_INTEGER: There is an 'U'|'X'|'W'|'Z'|'-' in an arithmetic operand, and it has been converted to 0.
at 0 ps, Instance /test/uut/Inst_Reorder_Buffer/ : Warning: CONV_INTEGER: There is an 'U'|'X'|'W'|'Z'|'-' in an arithmetic operand, and it has been converted to 0.
at 0 ps, Instance /test/uut/Inst_Reorder_Buffer/ : Warning: CONV_INTEGER: There is an 'U'|'X'|'W'|'Z'|'-' in an arithmetic operand, and it has been converted to 0.
at 0 ps, Instance /test/uut/Inst_RF/Inst_RFQ/Inst_Mux_Reg1/ : Warning: NUMERIC_STD.TO_INTEGER: metavalue detected, returning 0
at 0 ps, Instance /test/uut/Inst_RF/Inst_RFQ/Inst_Mux_Reg2/ : Warning: NUMERIC_STD.TO_INTEGER: metavalue detected, returning 0
at 0 ps, Instance /test/uut/Inst_RF/Inst_RFV/Inst_Mux_Reg1/ : Warning: NUMERIC_STD.TO_INTEGER: metavalue detected, returning 0
at 0 ps, Instance /test/uut/Inst_RF/Inst_RFV/Inst_Mux_Reg2/ : Warning: NUMERIC_STD.TO_INTEGER: metavalue detected, returning 0
Finished circuit initialization process.
# exit 0
