Command line:
   ieee_isim_beh.exe
     -simmode  gui
     -simrunnum  0
     -socket  64124

Fri Nov 30 19:55:35 2018


 Elaboration Time: 0.046875 sec

 Current Memory Usage: 5178.35 Meg

 Total Signals          : 40
 Total Nets             : 2595
 Total Signal Drivers   : 20
 Total Blocks           : 9
 Total Primitive Blocks : 7
 Total Processes        : 9
 Total Traceable Variables  : 16
 Total Scalar Nets and Variables : 3097
Total Line Count : 66

 Total Simulation Time: 0.140625 sec

 Current Memory Usage: 5178.35 Meg

Fri Nov 30 19:55:55 2018

